android/core/proguard/seeds.txt
com.actionbarsherlock.internal.nineoldandroids.animation.PropertyValuesHolder$FloatPropertyValuesHolder
com.actionbarsherlock.internal.nineoldandroids.animation.PropertyValuesHolder$FloatPropertyValuesHolder: com.actionbarsherlock.internal.nineoldandroids.animation.FloatKeyframeSet mFloatKeyframeSet
com.actionbarsherlock.internal.nineoldandroids.animation.PropertyValuesHolder$FloatPropertyValuesHolder: float mFloatAnimatedValue
com.actionbarsherlock.internal.nineoldandroids.animation.PropertyValuesHolder$FloatPropertyValuesHolder: PropertyValuesHolder$FloatPropertyValuesHolder(java.lang.String,com.actionbarsherlock.internal.nineoldandroids.animation.FloatKeyframeSet)
com.actionbarsherlock.internal.nineoldandroids.animation.PropertyValuesHolder$FloatPropertyValuesHolder: PropertyValuesHolder$FloatPropertyValuesHolder(java.lang.String,float[])
com.actionbarsherlock.internal.nineoldandroids.animation.PropertyValuesHolder$FloatPropertyValuesHolder: void setFloatValues(float[])
com.actionbarsherlock.internal.nineoldandroids.animation.PropertyValuesHolder$FloatPropertyValuesHolder: void calculateValue(float)
com.actionbarsherlock.internal.nineoldandroids.animation.PropertyValuesHolder$FloatPropertyValuesHolder: java.lang.Object getAnimatedValue()
com.actionbarsherlock.internal.nineoldandroids.animation.PropertyValuesHolder$FloatPropertyValuesHolder: com.actionbarsherlock.internal.nineoldandroids.animation.PropertyValuesHolder$FloatPropertyValuesHolder clone()
com.actionbarsherlock.internal.nineoldandroids.animation.PropertyValuesHolder$IntPropertyValuesHolder
com.actionbarsherlock.internal.nineoldandroids.animation.PropertyValuesHolder$IntPropertyValuesHolder: com.actionbarsherlock.internal.nineoldandroids.animation.IntKeyframeSet mIntKeyframeSet
com.actionbarsherlock.internal.nineoldandroids.animation.PropertyValuesHolder$IntPropertyValuesHolder: int mIntAnimatedValue
com.actionbarsherlock.internal.nineoldandroids.animation.PropertyValuesHolder$IntPropertyValuesHolder: PropertyValuesHolder$IntPropertyValuesHolder(java.lang.String,com.actionbarsherlock.internal.nineoldandroids.animation.IntKeyframeSet)
com.actionbarsherlock.internal.nineoldandroids.animation.PropertyValuesHolder$IntPropertyValuesHolder: PropertyValuesHolder$IntPropertyValuesHolder(java.lang.String,int[])
com.actionbarsherlock.internal.nineoldandroids.animation.PropertyValuesHolder$IntPropertyValuesHolder: void setIntValues(int[])
com.actionbarsherlock.internal.nineoldandroids.animation.PropertyValuesHolder$IntPropertyValuesHolder: void calculateValue(float)
com.actionbarsherlock.internal.nineoldandroids.animation.PropertyValuesHolder$IntPropertyValuesHolder: java.lang.Object getAnimatedValue()
com.actionbarsherlock.internal.nineoldandroids.animation.PropertyValuesHolder$IntPropertyValuesHolder: com.actionbarsherlock.internal.nineoldandroids.animation.PropertyValuesHolder$IntPropertyValuesHolder clone()
com.actionbarsherlock.internal.nineoldandroids.animation.TypeEvaluator
com.actionbarsherlock.internal.nineoldandroids.animation.TypeEvaluator: java.lang.Object evaluate(float,java.lang.Object,java.lang.Object)