android/core/proguard/mapping.txt
android.support.v4.view.VelocityTrackerCompat$BaseVelocityTrackerVersionImpl -> android.support.v4.view.m:
    40:40:float getXVelocity(android.view.VelocityTracker,int) -> a
android.support.v4.view.VelocityTrackerCompat$HoneycombVelocityTrackerVersionImpl -> android.support.v4.view.n:
    54:54:float getXVelocity(android.view.VelocityTracker,int) -> a
android.support.v4.view.VelocityTrackerCompat$VelocityTrackerVersionImpl -> android.support.v4.view.o:
    float getXVelocity(android.view.VelocityTracker,int) -> a
android.support.v4.view.VelocityTrackerCompatHoneycomb -> android.support.v4.view.p:
    26:26:float getXVelocity(android.view.VelocityTracker,int) -> a
android.support.v4.view.ViewCompat -> android.support.v4.view.q:
    android.support.v4.view.ViewCompat$ViewCompatImpl IMPL -> a
    253:253:boolean canScrollHorizontally(android.view.View,int) -> a
    277:277:int getOverScrollMode(android.view.View) -> a
    450:451:void postInvalidateOnAnimation(android.view.View) -> b
android.support.v4.view.ViewCompat$BaseViewCompatImpl -> android.support.v4.view.r:
    86:86:boolean canScrollHorizontally(android.view.View,int) -> a
    92:92:int getOverScrollMode(android.view.View) -> a
    117:118:void postInvalidateOnAnimation(android.view.View) -> b
    129:129:long getFrameTime() -> a
android.support.v4.view.ViewCompat$GBViewCompatImpl -> android.support.v4.view.s:
    145:145:int getOverScrollMode(android.view.View) -> a
android.support.v4.view.ViewCompat$HCViewCompatImpl -> android.support.v4.view.t:
    155:155:long getFrameTime() -> a
android.support.v4.view.ViewCompat$ICSViewCompatImpl -> android.support.v4.view.u:
    162:162:boolean canScrollHorizontally(android.view.View,int) -> a
android.support.v4.view.ViewCompat$JBViewCompatImpl -> android.support.v4.view.v:
    197:198:void postInvalidateOnAnimation(android.view.View) -> b
android.support.v4.view.ViewCompat$ViewCompatImpl -> android.support.v4.view.w:
    boolean canScrollHorizontally(android.view.View,int) -> a
    int getOverScrollMode(android.view.View) -> a
    void postInvalidateOnAnimation(android.view.View) -> b
android.support.v4.view.ViewCompatGingerbread -> android.support.v4.view.x:
    23:23:int getOverScrollMode(android.view.View) -> a
android.support.v4.view.ViewCompatHC -> android.support.v4.view.y:
    23:23:long getFrameTime() -> a
android.support.v4.view.ViewCompatICS -> android.support.v4.view.z:
    30:30:boolean canScrollHorizontally(android.view.View,int) -> a
android.support.v4.view.ViewCompatJB -> android.support.v4.view.aa:
    35:36:void postInvalidateOnAnimation(android.view.View) -> a